  [1m[36m (2.5ms)[0m  [1mCREATE TABLE "schema_migrations" ("version" varchar NOT NULL) [0m
  [1m[35m (0.1ms)[0m  select sqlite_version(*)
  [1m[36m (2.0ms)[0m  [1mCREATE UNIQUE INDEX "unique_schema_migrations" ON "schema_migrations" ("version")[0m
  [1m[35mActiveRecord::SchemaMigration Load (0.1ms)[0m  SELECT "schema_migrations".* FROM "schema_migrations"
Migrating to CreateCorgis (20160602040832)
  [1m[36mActiveRecord::SchemaMigration Load (0.2ms)[0m  [1mSELECT "schema_migrations".* FROM "schema_migrations"[0m
Migrating to CreateCorgis (20160602040832)
  [1m[35m (0.2ms)[0m  begin transaction
  [1m[36m (0.7ms)[0m  [1mCREATE TABLE "corgis" ("id" INTEGER PRIMARY KEY AUTOINCREMENT NOT NULL, "name" varchar NOT NULL, "created_at" datetime NOT NULL, "updated_at" datetime NOT NULL) [0m
  [1m[35mSQL (0.4ms)[0m  INSERT INTO "schema_migrations" ("version") VALUES (?)  [["version", "20160602040832"]]
  [1m[36m (2.2ms)[0m  [1mcommit transaction[0m
Migrating to CreateCats (20160602040839)
  [1m[35m (0.1ms)[0m  begin transaction
  [1m[36m (0.6ms)[0m  [1mCREATE TABLE "cats" ("id" INTEGER PRIMARY KEY AUTOINCREMENT NOT NULL, "name" varchar NOT NULL, "created_at" datetime NOT NULL, "updated_at" datetime NOT NULL) [0m
  [1m[35mSQL (0.3ms)[0m  INSERT INTO "schema_migrations" ("version") VALUES (?)  [["version", "20160602040839"]]
  [1m[36m (4.1ms)[0m  [1mcommit transaction[0m
  [1m[35mActiveRecord::SchemaMigration Load (0.2ms)[0m  SELECT "schema_migrations".* FROM "schema_migrations"
  [1m[36mActiveRecord::SchemaMigration Load (0.4ms)[0m  [1mSELECT "schema_migrations".* FROM "schema_migrations"[0m
Migrating to CreateToys (20170217070524)
  [1m[35m (0.1ms)[0m  begin transaction
  [1m[36m (0.5ms)[0m  [1mCREATE TABLE "toys" ("id" INTEGER PRIMARY KEY AUTOINCREMENT NOT NULL, "name" varchar NOT NULL, "toyable_id" integer, "toyable_type" varchar) [0m
  [1m[35m (0.1ms)[0m  select sqlite_version(*)
  [1m[36m (0.1ms)[0m  [1mCREATE  INDEX "index_toys_on_toyable_type_and_toyable_id" ON "toys" ("toyable_type", "toyable_id")[0m
  [1m[35m (0.1ms)[0m              SELECT sql
            FROM sqlite_master
            WHERE name='index_toys_on_toyable_type_and_toyable_id' AND type='index'
            UNION ALL
            SELECT sql
            FROM sqlite_temp_master
            WHERE name='index_toys_on_toyable_type_and_toyable_id' AND type='index'

  [1m[36m (0.4ms)[0m  [1mCREATE UNIQUE INDEX "index_toys_on_name_and_toyable_id_and_toyable_type" ON "toys" ("name", "toyable_id", "toyable_type")[0m
  [1m[35mSQL (0.5ms)[0m  INSERT INTO "schema_migrations" ("version") VALUES (?)  [["version", "20170217070524"]]
  [1m[36m (2.1ms)[0m  [1mcommit transaction[0m
  [1m[35mActiveRecord::SchemaMigration Load (0.1ms)[0m  SELECT "schema_migrations".* FROM "schema_migrations"
  [1m[36m (0.1ms)[0m  [1m            SELECT sql
            FROM sqlite_master
            WHERE name='index_toys_on_name_and_toyable_id_and_toyable_type' AND type='index'
            UNION ALL
            SELECT sql
            FROM sqlite_temp_master
            WHERE name='index_toys_on_name_and_toyable_id_and_toyable_type' AND type='index'
[0m
  [1m[35m (0.1ms)[0m              SELECT sql
            FROM sqlite_master
            WHERE name='index_toys_on_toyable_type_and_toyable_id' AND type='index'
            UNION ALL
            SELECT sql
            FROM sqlite_temp_master
            WHERE name='index_toys_on_toyable_type_and_toyable_id' AND type='index'

  [1m[36mActiveRecord::SchemaMigration Load (0.4ms)[0m  [1mSELECT "schema_migrations".* FROM "schema_migrations"[0m
  [1m[35m (0.1ms)[0m  begin transaction
  [1m[36mSQL (1.1ms)[0m  [1mINSERT INTO "corgis" ("name", "created_at", "updated_at") VALUES (?, ?, ?)[0m  [["name", "Berneice"], ["created_at", "2017-02-17 07:16:35.824656"], ["updated_at", "2017-02-17 07:16:35.824656"]]
  [1m[35m (0.9ms)[0m  commit transaction
  [1m[36m (0.3ms)[0m  [1mbegin transaction[0m
  [1m[35mSQL (1.0ms)[0m  INSERT INTO "cats" ("name", "created_at", "updated_at") VALUES (?, ?, ?)  [["name", "Alene"], ["created_at", "2017-02-17 07:16:35.844987"], ["updated_at", "2017-02-17 07:16:35.844987"]]
  [1m[36m (1.1ms)[0m  [1mcommit transaction[0m
  [1m[35m (0.1ms)[0m  begin transaction
  [1m[36mSQL (0.6ms)[0m  [1mINSERT INTO "corgis" ("name", "created_at", "updated_at") VALUES (?, ?, ?)[0m  [["name", "Glenda"], ["created_at", "2017-02-17 07:16:35.850606"], ["updated_at", "2017-02-17 07:16:35.850606"]]
  [1m[35m (0.8ms)[0m  commit transaction
  [1m[36m (0.1ms)[0m  [1mbegin transaction[0m
  [1m[35mSQL (0.5ms)[0m  INSERT INTO "cats" ("name", "created_at", "updated_at") VALUES (?, ?, ?)  [["name", "Aaliyah"], ["created_at", "2017-02-17 07:16:35.854935"], ["updated_at", "2017-02-17 07:16:35.854935"]]
  [1m[36m (0.9ms)[0m  [1mcommit transaction[0m
  [1m[35m (0.1ms)[0m  begin transaction
  [1m[36mSQL (0.5ms)[0m  [1mINSERT INTO "corgis" ("name", "created_at", "updated_at") VALUES (?, ?, ?)[0m  [["name", "Mckenzie"], ["created_at", "2017-02-17 07:16:35.859089"], ["updated_at", "2017-02-17 07:16:35.859089"]]
  [1m[35m (1.2ms)[0m  commit transaction
  [1m[36m (0.1ms)[0m  [1mbegin transaction[0m
  [1m[35mSQL (0.4ms)[0m  INSERT INTO "cats" ("name", "created_at", "updated_at") VALUES (?, ?, ?)  [["name", "Roman"], ["created_at", "2017-02-17 07:16:35.863838"], ["updated_at", "2017-02-17 07:16:35.863838"]]
  [1m[36m (0.9ms)[0m  [1mcommit transaction[0m
  [1m[35m (0.1ms)[0m  begin transaction
  [1m[36mSQL (0.4ms)[0m  [1mINSERT INTO "corgis" ("name", "created_at", "updated_at") VALUES (?, ?, ?)[0m  [["name", "Marilie"], ["created_at", "2017-02-17 07:16:35.868314"], ["updated_at", "2017-02-17 07:16:35.868314"]]
  [1m[35m (0.9ms)[0m  commit transaction
  [1m[36m (0.1ms)[0m  [1mbegin transaction[0m
  [1m[35mSQL (0.3ms)[0m  INSERT INTO "cats" ("name", "created_at", "updated_at") VALUES (?, ?, ?)  [["name", "Kitty"], ["created_at", "2017-02-17 07:16:35.871915"], ["updated_at", "2017-02-17 07:16:35.871915"]]
  [1m[36m (0.6ms)[0m  [1mcommit transaction[0m
  [1m[35m (0.1ms)[0m  begin transaction
  [1m[36mSQL (0.3ms)[0m  [1mINSERT INTO "corgis" ("name", "created_at", "updated_at") VALUES (?, ?, ?)[0m  [["name", "Octavia"], ["created_at", "2017-02-17 07:16:35.874945"], ["updated_at", "2017-02-17 07:16:35.874945"]]
  [1m[35m (0.7ms)[0m  commit transaction
  [1m[36m (0.1ms)[0m  [1mbegin transaction[0m
  [1m[35mSQL (0.3ms)[0m  INSERT INTO "cats" ("name", "created_at", "updated_at") VALUES (?, ?, ?)  [["name", "Jake"], ["created_at", "2017-02-17 07:16:35.878082"], ["updated_at", "2017-02-17 07:16:35.878082"]]
  [1m[36m (0.7ms)[0m  [1mcommit transaction[0m
  [1m[35m (0.1ms)[0m  begin transaction
  [1m[36mSQL (0.4ms)[0m  [1mINSERT INTO "corgis" ("name", "created_at", "updated_at") VALUES (?, ?, ?)[0m  [["name", "Corine"], ["created_at", "2017-02-17 07:16:35.881421"], ["updated_at", "2017-02-17 07:16:35.881421"]]
  [1m[35m (0.6ms)[0m  commit transaction
  [1m[36m (0.1ms)[0m  [1mbegin transaction[0m
  [1m[35mSQL (0.3ms)[0m  INSERT INTO "cats" ("name", "created_at", "updated_at") VALUES (?, ?, ?)  [["name", "Reanna"], ["created_at", "2017-02-17 07:16:35.884551"], ["updated_at", "2017-02-17 07:16:35.884551"]]
  [1m[36m (0.6ms)[0m  [1mcommit transaction[0m
  [1m[35m (0.1ms)[0m  begin transaction
  [1m[36mSQL (0.3ms)[0m  [1mINSERT INTO "corgis" ("name", "created_at", "updated_at") VALUES (?, ?, ?)[0m  [["name", "Abigayle"], ["created_at", "2017-02-17 07:16:35.887179"], ["updated_at", "2017-02-17 07:16:35.887179"]]
  [1m[35m (0.6ms)[0m  commit transaction
  [1m[36m (0.1ms)[0m  [1mbegin transaction[0m
  [1m[35mSQL (0.4ms)[0m  INSERT INTO "cats" ("name", "created_at", "updated_at") VALUES (?, ?, ?)  [["name", "Garth"], ["created_at", "2017-02-17 07:16:35.890229"], ["updated_at", "2017-02-17 07:16:35.890229"]]
  [1m[36m (0.6ms)[0m  [1mcommit transaction[0m
  [1m[35m (0.1ms)[0m  begin transaction
  [1m[36mSQL (0.3ms)[0m  [1mINSERT INTO "corgis" ("name", "created_at", "updated_at") VALUES (?, ?, ?)[0m  [["name", "Rhiannon"], ["created_at", "2017-02-17 07:16:35.892959"], ["updated_at", "2017-02-17 07:16:35.892959"]]
  [1m[35m (0.6ms)[0m  commit transaction
  [1m[36m (0.1ms)[0m  [1mbegin transaction[0m
  [1m[35mSQL (0.3ms)[0m  INSERT INTO "cats" ("name", "created_at", "updated_at") VALUES (?, ?, ?)  [["name", "Chyna"], ["created_at", "2017-02-17 07:16:35.895549"], ["updated_at", "2017-02-17 07:16:35.895549"]]
  [1m[36m (0.5ms)[0m  [1mcommit transaction[0m
  [1m[35m (0.1ms)[0m  begin transaction
  [1m[36mSQL (0.3ms)[0m  [1mINSERT INTO "corgis" ("name", "created_at", "updated_at") VALUES (?, ?, ?)[0m  [["name", "Heber"], ["created_at", "2017-02-17 07:16:35.898197"], ["updated_at", "2017-02-17 07:16:35.898197"]]
  [1m[35m (0.6ms)[0m  commit transaction
  [1m[36m (0.1ms)[0m  [1mbegin transaction[0m
  [1m[35mSQL (0.4ms)[0m  INSERT INTO "cats" ("name", "created_at", "updated_at") VALUES (?, ?, ?)  [["name", "Valerie"], ["created_at", "2017-02-17 07:16:35.900691"], ["updated_at", "2017-02-17 07:16:35.900691"]]
  [1m[36m (0.6ms)[0m  [1mcommit transaction[0m
  [1m[35m (0.1ms)[0m  begin transaction
  [1m[36mSQL (0.3ms)[0m  [1mINSERT INTO "corgis" ("name", "created_at", "updated_at") VALUES (?, ?, ?)[0m  [["name", "Keyshawn"], ["created_at", "2017-02-17 07:16:35.903793"], ["updated_at", "2017-02-17 07:16:35.903793"]]
  [1m[35m (0.6ms)[0m  commit transaction
  [1m[36m (0.1ms)[0m  [1mbegin transaction[0m
  [1m[35mSQL (0.3ms)[0m  INSERT INTO "cats" ("name", "created_at", "updated_at") VALUES (?, ?, ?)  [["name", "Levi"], ["created_at", "2017-02-17 07:16:35.906604"], ["updated_at", "2017-02-17 07:16:35.906604"]]
  [1m[36m (0.6ms)[0m  [1mcommit transaction[0m
  [1m[35m (0.1ms)[0m  begin transaction
  [1m[36mToy Exists (0.5ms)[0m  [1mSELECT  1 AS one FROM "toys" WHERE ("toys"."name" = 'Mr Maverick' AND "toys"."toyable_id" = 2) LIMIT 1[0m
  [1m[35mSQL (0.9ms)[0m  INSERT INTO "toys" ("name", "toyable_id", "toyable_type") VALUES (?, ?, ?)  [["name", "Mr Maverick"], ["toyable_id", 2], ["toyable_type", "Corgi"]]
  [1m[36m (0.6ms)[0m  [1mcommit transaction[0m
  [1m[35m (0.1ms)[0m  begin transaction
  [1m[36mToy Exists (0.2ms)[0m  [1mSELECT  1 AS one FROM "toys" WHERE ("toys"."name" = 'The Luna Knight' AND "toys"."toyable_id" = 10) LIMIT 1[0m
  [1m[35mSQL (0.3ms)[0m  INSERT INTO "toys" ("name", "toyable_id", "toyable_type") VALUES (?, ?, ?)  [["name", "The Luna Knight"], ["toyable_id", 10], ["toyable_type", "Corgi"]]
  [1m[36m (0.6ms)[0m  [1mcommit transaction[0m
  [1m[35m (0.1ms)[0m  begin transaction
  [1m[36mToy Exists (0.2ms)[0m  [1mSELECT  1 AS one FROM "toys" WHERE ("toys"."name" = 'Firestar' AND "toys"."toyable_id" = 7) LIMIT 1[0m
  [1m[35mSQL (0.3ms)[0m  INSERT INTO "toys" ("name", "toyable_id", "toyable_type") VALUES (?, ?, ?)  [["name", "Firestar"], ["toyable_id", 7], ["toyable_type", "Cat"]]
  [1m[36m (0.7ms)[0m  [1mcommit transaction[0m
  [1m[35m (0.1ms)[0m  begin transaction
  [1m[36mToy Exists (0.2ms)[0m  [1mSELECT  1 AS one FROM "toys" WHERE ("toys"."name" = 'Agent Mephisto' AND "toys"."toyable_id" = 7) LIMIT 1[0m
  [1m[35mSQL (0.3ms)[0m  INSERT INTO "toys" ("name", "toyable_id", "toyable_type") VALUES (?, ?, ?)  [["name", "Agent Mephisto"], ["toyable_id", 7], ["toyable_type", "Cat"]]
  [1m[36m (0.8ms)[0m  [1mcommit transaction[0m
  [1m[35m (0.1ms)[0m  begin transaction
  [1m[36mToy Exists (0.2ms)[0m  [1mSELECT  1 AS one FROM "toys" WHERE ("toys"."name" = 'Doctor Moloch Man' AND "toys"."toyable_id" = 5) LIMIT 1[0m
  [1m[35mSQL (0.3ms)[0m  INSERT INTO "toys" ("name", "toyable_id", "toyable_type") VALUES (?, ?, ?)  [["name", "Doctor Moloch Man"], ["toyable_id", 5], ["toyable_type", "Corgi"]]
  [1m[36m (1.7ms)[0m  [1mcommit transaction[0m
  [1m[35m (0.1ms)[0m  begin transaction
  [1m[36mToy Exists (0.2ms)[0m  [1mSELECT  1 AS one FROM "toys" WHERE ("toys"."name" = 'Captain Hawk Man' AND "toys"."toyable_id" = 7) LIMIT 1[0m
  [1m[35mSQL (0.3ms)[0m  INSERT INTO "toys" ("name", "toyable_id", "toyable_type") VALUES (?, ?, ?)  [["name", "Captain Hawk Man"], ["toyable_id", 7], ["toyable_type", "Cat"]]
  [1m[36m (0.7ms)[0m  [1mcommit transaction[0m
  [1m[35m (0.1ms)[0m  begin transaction
  [1m[36mToy Exists (0.1ms)[0m  [1mSELECT  1 AS one FROM "toys" WHERE ("toys"."name" = 'Ripcord' AND "toys"."toyable_id" = 6) LIMIT 1[0m
  [1m[35mSQL (0.3ms)[0m  INSERT INTO "toys" ("name", "toyable_id", "toyable_type") VALUES (?, ?, ?)  [["name", "Ripcord"], ["toyable_id", 6], ["toyable_type", "Corgi"]]
  [1m[36m (0.6ms)[0m  [1mcommit transaction[0m
  [1m[35m (0.1ms)[0m  begin transaction
  [1m[36mToy Exists (0.2ms)[0m  [1mSELECT  1 AS one FROM "toys" WHERE ("toys"."name" = 'Question Lord' AND "toys"."toyable_id" = 2) LIMIT 1[0m
  [1m[35mSQL (0.3ms)[0m  INSERT INTO "toys" ("name", "toyable_id", "toyable_type") VALUES (?, ?, ?)  [["name", "Question Lord"], ["toyable_id", 2], ["toyable_type", "Corgi"]]
  [1m[36m (0.7ms)[0m  [1mcommit transaction[0m
  [1m[35m (0.1ms)[0m  begin transaction
  [1m[36mToy Exists (0.2ms)[0m  [1mSELECT  1 AS one FROM "toys" WHERE ("toys"."name" = 'Green Juggernaut' AND "toys"."toyable_id" = 5) LIMIT 1[0m
  [1m[35mSQL (0.3ms)[0m  INSERT INTO "toys" ("name", "toyable_id", "toyable_type") VALUES (?, ?, ?)  [["name", "Green Juggernaut"], ["toyable_id", 5], ["toyable_type", "Cat"]]
  [1m[36m (0.7ms)[0m  [1mcommit transaction[0m
  [1m[35m (0.1ms)[0m  begin transaction
  [1m[36mToy Exists (0.2ms)[0m  [1mSELECT  1 AS one FROM "toys" WHERE ("toys"."name" = 'Riddler' AND "toys"."toyable_id" = 5) LIMIT 1[0m
  [1m[35mSQL (0.3ms)[0m  INSERT INTO "toys" ("name", "toyable_id", "toyable_type") VALUES (?, ?, ?)  [["name", "Riddler"], ["toyable_id", 5], ["toyable_type", "Corgi"]]
  [1m[36m (0.6ms)[0m  [1mcommit transaction[0m
  [1m[35m (0.1ms)[0m  begin transaction
  [1m[36mToy Exists (0.2ms)[0m  [1mSELECT  1 AS one FROM "toys" WHERE ("toys"."name" = 'Giant Ariel of Hearts' AND "toys"."toyable_id" = 6) LIMIT 1[0m
  [1m[35mSQL (0.3ms)[0m  INSERT INTO "toys" ("name", "toyable_id", "toyable_type") VALUES (?, ?, ?)  [["name", "Giant Ariel of Hearts"], ["toyable_id", 6], ["toyable_type", "Corgi"]]
  [1m[36m (0.6ms)[0m  [1mcommit transaction[0m
  [1m[35m (0.1ms)[0m  begin transaction
  [1m[36mToy Exists (0.2ms)[0m  [1mSELECT  1 AS one FROM "toys" WHERE ("toys"."name" = 'Mr Bullseye the Hunter' AND "toys"."toyable_id" = 10) LIMIT 1[0m
  [1m[35mSQL (0.3ms)[0m  INSERT INTO "toys" ("name", "toyable_id", "toyable_type") VALUES (?, ?, ?)  [["name", "Mr Bullseye the Hunter"], ["toyable_id", 10], ["toyable_type", "Corgi"]]
  [1m[36m (0.6ms)[0m  [1mcommit transaction[0m
  [1m[35m (0.1ms)[0m  begin transaction
  [1m[36mToy Exists (0.2ms)[0m  [1mSELECT  1 AS one FROM "toys" WHERE ("toys"."name" = 'Quicksilver the Hunter' AND "toys"."toyable_id" = 10) LIMIT 1[0m
  [1m[35mSQL (0.3ms)[0m  INSERT INTO "toys" ("name", "toyable_id", "toyable_type") VALUES (?, ?, ?)  [["name", "Quicksilver the Hunter"], ["toyable_id", 10], ["toyable_type", "Cat"]]
  [1m[36m (0.9ms)[0m  [1mcommit transaction[0m
  [1m[35m (0.1ms)[0m  begin transaction
  [1m[36mToy Exists (0.2ms)[0m  [1mSELECT  1 AS one FROM "toys" WHERE ("toys"."name" = 'Supah Ajax' AND "toys"."toyable_id" = 10) LIMIT 1[0m
  [1m[35mSQL (0.3ms)[0m  INSERT INTO "toys" ("name", "toyable_id", "toyable_type") VALUES (?, ?, ?)  [["name", "Supah Ajax"], ["toyable_id", 10], ["toyable_type", "Cat"]]
  [1m[36m (1.0ms)[0m  [1mcommit transaction[0m
  [1m[35m (0.1ms)[0m  begin transaction
  [1m[36mToy Exists (0.2ms)[0m  [1mSELECT  1 AS one FROM "toys" WHERE ("toys"."name" = 'Green Penance' AND "toys"."toyable_id" = 10) LIMIT 1[0m
  [1m[35mSQL (0.4ms)[0m  INSERT INTO "toys" ("name", "toyable_id", "toyable_type") VALUES (?, ?, ?)  [["name", "Green Penance"], ["toyable_id", 10], ["toyable_type", "Corgi"]]
  [1m[36m (0.6ms)[0m  [1mcommit transaction[0m
  [1m[35m (0.1ms)[0m  begin transaction
  [1m[36mToy Exists (0.2ms)[0m  [1mSELECT  1 AS one FROM "toys" WHERE ("toys"."name" = 'Krypto' AND "toys"."toyable_id" = 3) LIMIT 1[0m
  [1m[35mSQL (0.3ms)[0m  INSERT INTO "toys" ("name", "toyable_id", "toyable_type") VALUES (?, ?, ?)  [["name", "Krypto"], ["toyable_id", 3], ["toyable_type", "Cat"]]
  [1m[36m (0.7ms)[0m  [1mcommit transaction[0m
  [1m[35m (0.1ms)[0m  begin transaction
  [1m[36mToy Exists (0.2ms)[0m  [1mSELECT  1 AS one FROM "toys" WHERE ("toys"."name" = 'Dark Cottonmouth Knight' AND "toys"."toyable_id" = 1) LIMIT 1[0m
  [1m[35mSQL (0.3ms)[0m  INSERT INTO "toys" ("name", "toyable_id", "toyable_type") VALUES (?, ?, ?)  [["name", "Dark Cottonmouth Knight"], ["toyable_id", 1], ["toyable_type", "Corgi"]]
  [1m[36m (0.8ms)[0m  [1mcommit transaction[0m
  [1m[35m (0.2ms)[0m  begin transaction
  [1m[36mToy Exists (0.2ms)[0m  [1mSELECT  1 AS one FROM "toys" WHERE ("toys"."name" = 'Supah Longshot' AND "toys"."toyable_id" = 6) LIMIT 1[0m
  [1m[35mSQL (0.4ms)[0m  INSERT INTO "toys" ("name", "toyable_id", "toyable_type") VALUES (?, ?, ?)  [["name", "Supah Longshot"], ["toyable_id", 6], ["toyable_type", "Corgi"]]
  [1m[36m (1.0ms)[0m  [1mcommit transaction[0m
  [1m[35m (0.1ms)[0m  begin transaction
  [1m[36mToy Exists (0.2ms)[0m  [1mSELECT  1 AS one FROM "toys" WHERE ("toys"."name" = 'Overtkill XI' AND "toys"."toyable_id" = 6) LIMIT 1[0m
  [1m[35mSQL (0.3ms)[0m  INSERT INTO "toys" ("name", "toyable_id", "toyable_type") VALUES (?, ?, ?)  [["name", "Overtkill XI"], ["toyable_id", 6], ["toyable_type", "Corgi"]]
  [1m[36m (0.7ms)[0m  [1mcommit transaction[0m
  [1m[35m (0.1ms)[0m  begin transaction
  [1m[36mToy Exists (0.2ms)[0m  [1mSELECT  1 AS one FROM "toys" WHERE ("toys"."name" = 'Illustrious Loki' AND "toys"."toyable_id" = 5) LIMIT 1[0m
  [1m[35mSQL (0.4ms)[0m  INSERT INTO "toys" ("name", "toyable_id", "toyable_type") VALUES (?, ?, ?)  [["name", "Illustrious Loki"], ["toyable_id", 5], ["toyable_type", "Cat"]]
  [1m[36m (0.7ms)[0m  [1mcommit transaction[0m
  [1m[35m (0.1ms)[0m  begin transaction
  [1m[36mToy Exists (0.2ms)[0m  [1mSELECT  1 AS one FROM "toys" WHERE ("toys"."name" = 'Lobo' AND "toys"."toyable_id" = 8) LIMIT 1[0m
  [1m[35mSQL (0.3ms)[0m  INSERT INTO "toys" ("name", "toyable_id", "toyable_type") VALUES (?, ?, ?)  [["name", "Lobo"], ["toyable_id", 8], ["toyable_type", "Corgi"]]
  [1m[36m (0.6ms)[0m  [1mcommit transaction[0m
  [1m[35m (0.1ms)[0m  begin transaction
  [1m[36mToy Exists (0.2ms)[0m  [1mSELECT  1 AS one FROM "toys" WHERE ("toys"."name" = 'Doctor Beetle' AND "toys"."toyable_id" = 5) LIMIT 1[0m
  [1m[35mSQL (0.3ms)[0m  INSERT INTO "toys" ("name", "toyable_id", "toyable_type") VALUES (?, ?, ?)  [["name", "Doctor Beetle"], ["toyable_id", 5], ["toyable_type", "Cat"]]
  [1m[36m (0.6ms)[0m  [1mcommit transaction[0m
  [1m[35m (0.1ms)[0m  begin transaction
  [1m[36mToy Exists (0.2ms)[0m  [1mSELECT  1 AS one FROM "toys" WHERE ("toys"."name" = 'Changeling III' AND "toys"."toyable_id" = 6) LIMIT 1[0m
  [1m[35mSQL (0.3ms)[0m  INSERT INTO "toys" ("name", "toyable_id", "toyable_type") VALUES (?, ?, ?)  [["name", "Changeling III"], ["toyable_id", 6], ["toyable_type", "Cat"]]
  [1m[36m (0.7ms)[0m  [1mcommit transaction[0m
  [1m[35m (0.1ms)[0m  begin transaction
  [1m[36mToy Exists (0.2ms)[0m  [1mSELECT  1 AS one FROM "toys" WHERE ("toys"."name" = 'The Magneto Boy' AND "toys"."toyable_id" = 3) LIMIT 1[0m
  [1m[35mSQL (0.3ms)[0m  INSERT INTO "toys" ("name", "toyable_id", "toyable_type") VALUES (?, ?, ?)  [["name", "The Magneto Boy"], ["toyable_id", 3], ["toyable_type", "Corgi"]]
  [1m[36m (0.6ms)[0m  [1mcommit transaction[0m
  [1m[35m (0.1ms)[0m  begin transaction
  [1m[36mToy Exists (0.2ms)[0m  [1mSELECT  1 AS one FROM "toys" WHERE ("toys"."name" = 'Green Songbird Brain' AND "toys"."toyable_id" = 2) LIMIT 1[0m
  [1m[35mSQL (0.3ms)[0m  INSERT INTO "toys" ("name", "toyable_id", "toyable_type") VALUES (?, ?, ?)  [["name", "Green Songbird Brain"], ["toyable_id", 2], ["toyable_type", "Corgi"]]
  [1m[36m (0.6ms)[0m  [1mcommit transaction[0m
  [1m[35m (0.1ms)[0m  begin transaction
  [1m[36mToy Exists (0.2ms)[0m  [1mSELECT  1 AS one FROM "toys" WHERE ("toys"."name" = 'Red Firestar' AND "toys"."toyable_id" = 4) LIMIT 1[0m
  [1m[35mSQL (0.3ms)[0m  INSERT INTO "toys" ("name", "toyable_id", "toyable_type") VALUES (?, ?, ?)  [["name", "Red Firestar"], ["toyable_id", 4], ["toyable_type", "Corgi"]]
  [1m[36m (0.9ms)[0m  [1mcommit transaction[0m
  [1m[35m (0.1ms)[0m  begin transaction
  [1m[36mToy Exists (0.3ms)[0m  [1mSELECT  1 AS one FROM "toys" WHERE ("toys"."name" = 'Rogue' AND "toys"."toyable_id" = 5) LIMIT 1[0m
  [1m[35mSQL (0.3ms)[0m  INSERT INTO "toys" ("name", "toyable_id", "toyable_type") VALUES (?, ?, ?)  [["name", "Rogue"], ["toyable_id", 5], ["toyable_type", "Cat"]]
  [1m[36m (0.7ms)[0m  [1mcommit transaction[0m
  [1m[35m (0.1ms)[0m  begin transaction
  [1m[36mToy Exists (0.2ms)[0m  [1mSELECT  1 AS one FROM "toys" WHERE ("toys"."name" = 'Arsenal Strange' AND "toys"."toyable_id" = 1) LIMIT 1[0m
  [1m[35mSQL (0.3ms)[0m  INSERT INTO "toys" ("name", "toyable_id", "toyable_type") VALUES (?, ?, ?)  [["name", "Arsenal Strange"], ["toyable_id", 1], ["toyable_type", "Cat"]]
  [1m[36m (0.6ms)[0m  [1mcommit transaction[0m
  [1m[35m (0.1ms)[0m  begin transaction
  [1m[36mToy Exists (0.2ms)[0m  [1mSELECT  1 AS one FROM "toys" WHERE ("toys"."name" = 'Gladiator' AND "toys"."toyable_id" = 2) LIMIT 1[0m
  [1m[35mSQL (0.3ms)[0m  INSERT INTO "toys" ("name", "toyable_id", "toyable_type") VALUES (?, ?, ?)  [["name", "Gladiator"], ["toyable_id", 2], ["toyable_type", "Cat"]]
  [1m[36m (0.6ms)[0m  [1mcommit transaction[0m
  [1m[35m (0.1ms)[0m  begin transaction
  [1m[36mToy Exists (0.2ms)[0m  [1mSELECT  1 AS one FROM "toys" WHERE ("toys"."name" = 'Meteorite of Hearts' AND "toys"."toyable_id" = 8) LIMIT 1[0m
  [1m[35mSQL (0.3ms)[0m  INSERT INTO "toys" ("name", "toyable_id", "toyable_type") VALUES (?, ?, ?)  [["name", "Meteorite of Hearts"], ["toyable_id", 8], ["toyable_type", "Corgi"]]
  [1m[36m (0.8ms)[0m  [1mcommit transaction[0m
  [1m[35m (0.1ms)[0m  begin transaction
  [1m[36mToy Exists (0.2ms)[0m  [1mSELECT  1 AS one FROM "toys" WHERE ("toys"."name" = 'Ultra Vision Lord' AND "toys"."toyable_id" = 6) LIMIT 1[0m
  [1m[35mSQL (0.4ms)[0m  INSERT INTO "toys" ("name", "toyable_id", "toyable_type") VALUES (?, ?, ?)  [["name", "Ultra Vision Lord"], ["toyable_id", 6], ["toyable_type", "Corgi"]]
  [1m[36m (0.8ms)[0m  [1mcommit transaction[0m
  [1m[35m (0.1ms)[0m  begin transaction
  [1m[36mToy Exists (0.2ms)[0m  [1mSELECT  1 AS one FROM "toys" WHERE ("toys"."name" = 'Mr Toxin' AND "toys"."toyable_id" = 5) LIMIT 1[0m
  [1m[35mSQL (0.3ms)[0m  INSERT INTO "toys" ("name", "toyable_id", "toyable_type") VALUES (?, ?, ?)  [["name", "Mr Toxin"], ["toyable_id", 5], ["toyable_type", "Corgi"]]
  [1m[36m (0.6ms)[0m  [1mcommit transaction[0m
  [1m[35m (0.1ms)[0m  begin transaction
  [1m[36mToy Exists (0.2ms)[0m  [1mSELECT  1 AS one FROM "toys" WHERE ("toys"."name" = 'Green Hell II' AND "toys"."toyable_id" = 3) LIMIT 1[0m
  [1m[35mSQL (0.3ms)[0m  INSERT INTO "toys" ("name", "toyable_id", "toyable_type") VALUES (?, ?, ?)  [["name", "Green Hell II"], ["toyable_id", 3], ["toyable_type", "Cat"]]
  [1m[36m (0.8ms)[0m  [1mcommit transaction[0m
  [1m[35m (0.1ms)[0m  begin transaction
  [1m[36mToy Exists (0.2ms)[0m  [1mSELECT  1 AS one FROM "toys" WHERE ("toys"."name" = 'Etrigan Fist' AND "toys"."toyable_id" = 10) LIMIT 1[0m
  [1m[35mSQL (0.3ms)[0m  INSERT INTO "toys" ("name", "toyable_id", "toyable_type") VALUES (?, ?, ?)  [["name", "Etrigan Fist"], ["toyable_id", 10], ["toyable_type", "Corgi"]]
  [1m[36m (0.7ms)[0m  [1mcommit transaction[0m
  [1m[35m (0.1ms)[0m  begin transaction
  [1m[36mToy Exists (0.2ms)[0m  [1mSELECT  1 AS one FROM "toys" WHERE ("toys"."name" = 'Ultra Aurora' AND "toys"."toyable_id" = 5) LIMIT 1[0m
  [1m[35mSQL (0.3ms)[0m  INSERT INTO "toys" ("name", "toyable_id", "toyable_type") VALUES (?, ?, ?)  [["name", "Ultra Aurora"], ["toyable_id", 5], ["toyable_type", "Cat"]]
  [1m[36m (0.6ms)[0m  [1mcommit transaction[0m
  [1m[35m (0.1ms)[0m  begin transaction
  [1m[36mToy Exists (0.2ms)[0m  [1mSELECT  1 AS one FROM "toys" WHERE ("toys"."name" = 'Green Mysterio' AND "toys"."toyable_id" = 4) LIMIT 1[0m
  [1m[35mSQL (0.4ms)[0m  INSERT INTO "toys" ("name", "toyable_id", "toyable_type") VALUES (?, ?, ?)  [["name", "Green Mysterio"], ["toyable_id", 4], ["toyable_type", "Corgi"]]
  [1m[36m (0.8ms)[0m  [1mcommit transaction[0m
  [1m[35m (0.1ms)[0m  begin transaction
  [1m[36mToy Exists (0.2ms)[0m  [1mSELECT  1 AS one FROM "toys" WHERE ("toys"."name" = 'Illustrious Titan' AND "toys"."toyable_id" = 9) LIMIT 1[0m
  [1m[35mSQL (0.3ms)[0m  INSERT INTO "toys" ("name", "toyable_id", "toyable_type") VALUES (?, ?, ?)  [["name", "Illustrious Titan"], ["toyable_id", 9], ["toyable_type", "Cat"]]
  [1m[36m (0.6ms)[0m  [1mcommit transaction[0m
  [1m[35m (0.1ms)[0m  begin transaction
  [1m[36mToy Exists (0.2ms)[0m  [1mSELECT  1 AS one FROM "toys" WHERE ("toys"."name" = 'Dark Armor II' AND "toys"."toyable_id" = 6) LIMIT 1[0m
  [1m[35mSQL (0.3ms)[0m  INSERT INTO "toys" ("name", "toyable_id", "toyable_type") VALUES (?, ?, ?)  [["name", "Dark Armor II"], ["toyable_id", 6], ["toyable_type", "Cat"]]
  [1m[36m (0.6ms)[0m  [1mcommit transaction[0m
  [1m[35m (0.1ms)[0m  begin transaction
  [1m[36mToy Exists (0.2ms)[0m  [1mSELECT  1 AS one FROM "toys" WHERE ("toys"."name" = 'Mr Thor II' AND "toys"."toyable_id" = 3) LIMIT 1[0m
  [1m[35mSQL (0.3ms)[0m  INSERT INTO "toys" ("name", "toyable_id", "toyable_type") VALUES (?, ?, ?)  [["name", "Mr Thor II"], ["toyable_id", 3], ["toyable_type", "Cat"]]
  [1m[36m (0.8ms)[0m  [1mcommit transaction[0m
  [1m[35m (0.1ms)[0m  begin transaction
  [1m[36mToy Exists (0.2ms)[0m  [1mSELECT  1 AS one FROM "toys" WHERE ("toys"."name" = 'General Darkseid the Fated' AND "toys"."toyable_id" = 1) LIMIT 1[0m
  [1m[35mSQL (0.3ms)[0m  INSERT INTO "toys" ("name", "toyable_id", "toyable_type") VALUES (?, ?, ?)  [["name", "General Darkseid the Fated"], ["toyable_id", 1], ["toyable_type", "Cat"]]
  [1m[36m (0.6ms)[0m  [1mcommit transaction[0m
  [1m[36mToy Load (2.9ms)[0m  [1mSELECT "toys".* FROM "toys"[0m
  [1m[35mToy Load (0.2ms)[0m  SELECT  "toys".* FROM "toys"  ORDER BY "toys"."id" ASC LIMIT 1
  [1m[36mToy Load (0.4ms)[0m  [1mSELECT  "toys".* FROM "toys"  ORDER BY "toys"."id" ASC LIMIT 1[0m
  [1m[35mCorgi Load (0.5ms)[0m  SELECT  "corgis".* FROM "corgis" WHERE "corgis"."id" = ? LIMIT 1  [["id", 2]]
  [1m[36mToy Load (0.5ms)[0m  [1mSELECT  "toys".* FROM "toys"  ORDER BY "toys"."id" ASC LIMIT 1 OFFSET 1[0m
  [1m[35mCorgi Load (0.3ms)[0m  SELECT  "corgis".* FROM "corgis" WHERE "corgis"."id" = ? LIMIT 1  [["id", 10]]
  [1m[36mCorgi Load (0.1ms)[0m  [1mSELECT  "corgis".* FROM "corgis" WHERE "corgis"."id" = ? LIMIT 1[0m  [["id", 2]]
  [1m[35mCorgi Load (0.2ms)[0m  SELECT  "corgis".* FROM "corgis" WHERE "corgis"."id" = ? LIMIT 1  [["id", 2]]
  [1m[36mToy Load (0.6ms)[0m  [1mSELECT "toys".* FROM "toys" WHERE "toys"."toyable_id" = ? AND "toys"."toyable_type" = ?[0m  [["toyable_id", 2], ["toyable_type", "Corgi"]]
  [1m[35mCorgi Load (0.2ms)[0m  SELECT  "corgis".* FROM "corgis" WHERE "corgis"."id" = ? LIMIT 1  [["id", 10]]
  [1m[36mToy Load (0.3ms)[0m  [1mSELECT "toys".* FROM "toys" WHERE "toys"."toyable_id" = ? AND "toys"."toyable_type" = ?[0m  [["toyable_id", 10], ["toyable_type", "Corgi"]]
  [1m[35mCorgi Load (1.2ms)[0m  SELECT  "corgis".* FROM "corgis" WHERE "corgis"."id" = ? LIMIT 1  [["id", 10]]
  [1m[36mCorgi Load (0.2ms)[0m  [1mSELECT  "corgis".* FROM "corgis" WHERE "corgis"."id" = ? LIMIT 1[0m  [["id", 10]]
  [1m[35mCorgi Load (0.3ms)[0m  SELECT  "corgis".* FROM "corgis" WHERE "corgis"."id" = ? LIMIT 1  [["id", 10]]
  [1m[36mCorgi Load (0.2ms)[0m  [1mSELECT  "corgis".* FROM "corgis" WHERE "corgis"."id" = ? LIMIT 1[0m  [["id", 10]]
  [1m[35mCorgi Load (0.2ms)[0m  SELECT  "corgis".* FROM "corgis" WHERE "corgis"."id" = ? LIMIT 1  [["id", 10]]
  [1m[36mToy Load (0.3ms)[0m  [1mSELECT "toys".* FROM "toys" WHERE "toys"."toyable_id" = ? AND "toys"."toyable_type" = ?[0m  [["toyable_id", 10], ["toyable_type", "Corgi"]]
  [1m[35m (0.5ms)[0m  begin transaction
  [1m[36mSQL (1.5ms)[0m  [1mUPDATE "toys" SET "toyable_id" = NULL WHERE "toys"."toyable_id" = ? AND "toys"."toyable_type" = ? AND "toys"."id" IN (2, 12, 15, 34)[0m  [["toyable_id", 10], ["toyable_type", "Corgi"]]
  [1m[35mToy Exists (0.2ms)[0m  SELECT  1 AS one FROM "toys" WHERE ("toys"."name" = 'NEW TOY' AND "toys"."toyable_id" = 10) LIMIT 1
  [1m[36mSQL (0.7ms)[0m  [1mINSERT INTO "toys" ("name", "toyable_id", "toyable_type") VALUES (?, ?, ?)[0m  [["name", "NEW TOY"], ["toyable_id", 10], ["toyable_type", "Corgi"]]
  [1m[35m (1.0ms)[0m  commit transaction
  [1m[36mCorgi Load (0.1ms)[0m  [1mSELECT  "corgis".* FROM "corgis" WHERE "corgis"."id" = ? LIMIT 1[0m  [["id", 10]]
  [1m[35mToy Load (0.1ms)[0m  SELECT "toys".* FROM "toys" WHERE "toys"."toyable_id" = ? AND "toys"."toyable_type" = ?  [["toyable_id", 10], ["toyable_type", "Corgi"]]
  [1m[36mCorgi Load (0.2ms)[0m  [1mSELECT  "corgis".* FROM "corgis" WHERE "corgis"."id" = ? LIMIT 1[0m  [["id", 10]]
  [1m[35mToy Load (0.1ms)[0m  SELECT "toys".* FROM "toys" WHERE "toys"."toyable_id" = ? AND "toys"."toyable_type" = ?  [["toyable_id", 10], ["toyable_type", "Corgi"]]
  [1m[36m (0.1ms)[0m  [1mbegin transaction[0m
  [1m[35mToy Exists (0.2ms)[0m  SELECT  1 AS one FROM "toys" WHERE ("toys"."name" = 'REAL NEW TOY' AND "toys"."toyable_id" = 10) LIMIT 1
  [1m[36mSQL (1.3ms)[0m  [1mINSERT INTO "toys" ("name", "toyable_id", "toyable_type") VALUES (?, ?, ?)[0m  [["name", "REAL NEW TOY"], ["toyable_id", 10], ["toyable_type", "Corgi"]]
  [1m[35m (1.0ms)[0m  commit transaction
  [1m[36mCorgi Load (0.4ms)[0m  [1mSELECT  "corgis".* FROM "corgis" WHERE "corgis"."id" = ? LIMIT 1[0m  [["id", 10]]
  [1m[35mToy Load (0.2ms)[0m  SELECT "toys".* FROM "toys" WHERE "toys"."toyable_id" = ? AND "toys"."toyable_type" = ?  [["toyable_id", 10], ["toyable_type", "Corgi"]]
  [1m[36mCorgi Load (0.4ms)[0m  [1mSELECT  "corgis".* FROM "corgis" WHERE "corgis"."id" = ? LIMIT 1[0m  [["id", 10]]
  [1m[35mToy Load (0.2ms)[0m  SELECT "toys".* FROM "toys" WHERE "toys"."toyable_id" = ? AND "toys"."toyable_type" = ?  [["toyable_id", 10], ["toyable_type", "Corgi"]]
  [1m[36mCorgi Load (0.2ms)[0m  [1mSELECT  "corgis".* FROM "corgis" WHERE "corgis"."id" = ? LIMIT 1[0m  [["id", 10]]
  [1m[35mToy Load (0.6ms)[0m  SELECT "toys".* FROM "toys" WHERE "toys"."toyable_id" = ? AND "toys"."toyable_type" = ?  [["toyable_id", 10], ["toyable_type", "Corgi"]]
  [1m[36mCorgi Load (0.4ms)[0m  [1mSELECT  "corgis".* FROM "corgis" WHERE "corgis"."id" = ? LIMIT 1[0m  [["id", 10]]
  [1m[35mCorgi Load (0.3ms)[0m  SELECT  "corgis".* FROM "corgis" WHERE "corgis"."id" = ? LIMIT 1  [["id", 10]]
  [1m[36mToy Load (0.3ms)[0m  [1mSELECT  "toys".* FROM "toys" WHERE "toys"."name" = ? LIMIT 1[0m  [["name", "Last toy"]]
  [1m[35mToy Load (0.2ms)[0m  SELECT "toys".* FROM "toys" WHERE "toys"."toyable_id" = ? AND "toys"."toyable_type" = ?  [["toyable_id", 10], ["toyable_type", "Corgi"]]
  [1m[36m (0.3ms)[0m  [1mbegin transaction[0m
  [1m[35mToy Exists (0.2ms)[0m  SELECT  1 AS one FROM "toys" WHERE ("toys"."name" = 'Last toy' AND "toys"."toyable_id" = 10) LIMIT 1
  [1m[36mSQL (1.2ms)[0m  [1mINSERT INTO "toys" ("name", "toyable_id", "toyable_type") VALUES (?, ?, ?)[0m  [["name", "Last toy"], ["toyable_id", 10], ["toyable_type", "Corgi"]]
  [1m[35m (18.2ms)[0m  commit transaction
  [1m[36mCorgi Load (0.1ms)[0m  [1mSELECT  "corgis".* FROM "corgis" WHERE "corgis"."id" = ? LIMIT 1[0m  [["id", 10]]
  [1m[35mToy Load (0.3ms)[0m  SELECT "toys".* FROM "toys" WHERE "toys"."toyable_id" = ? AND "toys"."toyable_type" = ?  [["toyable_id", 10], ["toyable_type", "Corgi"]]
  [1m[36mCorgi Load (0.3ms)[0m  [1mSELECT  "corgis".* FROM "corgis" WHERE "corgis"."id" = ? LIMIT 1[0m  [["id", 10]]
  [1m[35mToy Load (0.3ms)[0m  SELECT  "toys".* FROM "toys"  ORDER BY "toys"."id" DESC LIMIT 1
  [1m[36mToy Load (0.1ms)[0m  [1mSELECT  "toys".* FROM "toys" WHERE "toys"."name" = ? LIMIT 1[0m  [["name", "Last toy"]]
  [1m[35mToy Load (0.1ms)[0m  SELECT "toys".* FROM "toys" WHERE "toys"."toyable_id" = ? AND "toys"."toyable_type" = ?  [["toyable_id", 10], ["toyable_type", "Corgi"]]
  [1m[36m (0.1ms)[0m  [1mbegin transaction[0m
  [1m[35m (0.0ms)[0m  commit transaction
  [1m[36mCorgi Load (0.3ms)[0m  [1mSELECT  "corgis".* FROM "corgis" WHERE "corgis"."id" = ? LIMIT 1[0m  [["id", 10]]
  [1m[35mToy Load (0.2ms)[0m  SELECT "toys".* FROM "toys" WHERE "toys"."toyable_id" = ? AND "toys"."toyable_type" = ?  [["toyable_id", 10], ["toyable_type", "Corgi"]]
